INFO:root:[2020-10-10 09:48:48.886442] main start, run simulation
INFO:root:[2020-10-10 09:48:48.897413] create tables: ['quality_indicator_1', 'quality_injector_1'], with time interval of 900 second and dataset length of 100
INFO:root:[2020-10-10 09:48:48.900405] create one table: quality_indicator_1 randomly
INFO:root:[2020-10-10 09:48:48.927575] create one table: quality_injector_1 randomly
INFO:schedule:Running job Every 5 seconds do server_run() (last run: [never], next run: 2020-10-10 09:48:53)
INFO:root:[2020-10-10 09:48:53.946876] server run, every 5 seconds
INFO:root:get quality
INFO:root:get quality
INFO:root:[2020-10-10 09:48:53.968783], augment injector
INFO:schedule:Running job Every 5 seconds do server_run() (last run: 2020-10-10 09:48:53, next run: 2020-10-10 09:48:58)
INFO:root:[2020-10-10 09:48:58.968972] server run, every 5 seconds
INFO:root:get quality
INFO:root:get quality
INFO:root:[2020-10-10 09:48:58.986231], augment injector
INFO:schedule:Running job Every 5 seconds do server_run() (last run: 2020-10-10 09:48:58, next run: 2020-10-10 09:49:03)
INFO:root:[2020-10-10 09:49:03.987298] server run, every 5 seconds
INFO:root:get quality
INFO:root:get quality
INFO:root:[2020-10-10 09:49:04.003151], augment injector
INFO:schedule:Running job Every 5 seconds do server_run() (last run: 2020-10-10 09:49:04, next run: 2020-10-10 09:49:09)
INFO:root:[2020-10-10 09:49:09.003376] server run, every 5 seconds
INFO:root:get quality
INFO:root:get quality
INFO:root:[2020-10-10 09:49:09.018838], augment injector
